<?xml version="1.0" encoding="UTF-8"?>
<!-- Generated by org.testng.reporters.JUnitXMLReporter -->
<testsuite hostname="DESKTOP-7MR92CS" name="Test" tests="8" failures="0" timestamp="28 Oct 2018 06:28:48 GMT" time="0.086" errors="0">
  <testcase name="f" time="0.012" classname="soni.TestScenario.TestNGClass1"/>
  <testcase name="e" time="0.005" classname="soni.TestScenario.TestNGClass1">
    <skipped/>
  </testcase> <!-- e -->
  <testcase name="v" time="0.004" classname="soni.TestScenario.TestNGClass2"/>
  <testcase name="z" time="0.012" classname="soni.TestScenario.TestNGClass2"/>
  <testcase name="y" time="0.003" classname="soni.TestScenario.TestNGClass2"/>
  <testcase name="x" time="0.002" classname="soni.TestScenario.TestNGClass2"/>
  <testcase name="a" time="0.0" classname="soni.TestScenario.TestNGClass1">
    <skipped/>
  </testcase> <!-- a -->
  <testcase name="l" time="0.0" classname="soni.TestScenario.TestNGClass2"/>
</testsuite> <!-- Test -->
